Animal moved from (2,2)N to (2,3)N
 y\x  0 1 2 3 4 5 6 7 8 9
 10: ---------------------
  9: | | |*| |*| | | |*|*|
  8: | | | | | | | | | | |
  7: | | | | |*| | | | | |
  6: |*|*| | | | | | | | |
  5: | | | | | | | | | | |
  4: | | | |N| | | | | | |
  3: | | |N| | | | |*| | |
  2: | | | | | | |*| | | |
  1: | | | | | | | | | |*|
  0: ---------------------
Animal moved from (3,4)N to (3,5)N
 y\x  0 1 2 3 4 5 6 7 8 9
 10: ---------------------
  9: | | |*| |*| | | |*|*|
  8: | | | | | | | | | | |
  7: | | | | |*| | | | | |
  6: |*|*| | | | | | | | |
  5: | | | |N| | | | | | |
  4: | | | | | | | | | | |
  3: | | |N| | | | |*| | |
  2: | | | | | | |*| | | |
  1: | | | | | | | | | |*|
  0: ---------------------
Animal moved from (2,3)N to (2,4)N
 y\x  0 1 2 3 4 5 6 7 8 9
 10: ---------------------
  9: | | |*| |*| | | |*|*|
  8: | | | | | | | | | | |
  7: | | | | |*| | | | | |
  6: |*|*| | | | | | | | |
  5: | | | |N| | | | | | |
  4: | | |N| | | | | | | |
  3: | | | | | | | |*| | |
  2: | | | | | | |*| | | |
  1: | | | | | | | | | |*|
  0: ---------------------
Animal moved from (3,5)N to (3,6)N
 y\x  0 1 2 3 4 5 6 7 8 9
 10: ---------------------
  9: | | |*| |*| | | |*|*|
  8: | | | | | | | | | | |
  7: | | | | |*| | | | | |
  6: |*|*| |N| | | | | | |
  5: | | | | | | | | | | |
  4: | | |N| | | | | | | |
  3: | | | | | | | |*| | |
  2: | | | | | | |*| | | |
  1: | | | | | | | | | |*|
  0: ---------------------
Animal moved from (2,4)N to (2,5)N
 y\x  0 1 2 3 4 5 6 7 8 9
 10: ---------------------
  9: | | |*| |*| | | |*|*|
  8: | | | | | | | | | | |
  7: | | | | |*| | | | | |
  6: |*|*| |N| | | | | | |
  5: | | |N| | | | | | | |
  4: | | | | | | | | | | |
  3: | | | | | | | |*| | |
  2: | | | | | | |*| | | |
  1: | | | | | | | | | |*|
  0: ---------------------
Animal moved from (3,6)N to (3,7)N
 y\x  0 1 2 3 4 5 6 7 8 9
 10: ---------------------
  9: | | |*| |*| | | |*|*|
  8: | | | | | | | | | | |
  7: | | | |N|*| | | | | |
  6: |*|*| | | | | | | | |
  5: | | |N| | | | | | | |
  4: | | | | | | | | | | |
  3: | | | | | | | |*| | |
  2: | | | | | | |*| | | |
  1: | | | | | | | | | |*|
  0: ---------------------
Animal moved from (2,5)N to (2,6)N
 y\x  0 1 2 3 4 5 6 7 8 9
 10: ---------------------
  9: | | |*| |*| | | |*|*|
  8: | | | | | | | | | | |
  7: | | | |N|*| | | | | |
  6: |*|*|N| | | | | | | |
  5: | | | | | | | | | | |
  4: | | | | | | | | | | |
  3: | | | | | | | |*| | |
  2: | | | | | | |*| | | |
  1: | | | | | | | | | |*|
  0: ---------------------
Animal moved from (3,7)N to (3,8)N
 y\x  0 1 2 3 4 5 6 7 8 9
 10: ---------------------
  9: | | |*| |*| | | |*|*|
  8: | | | |N| | | | | | |
  7: | | | | |*| | | | | |
  6: |*|*|N| | | | | | | |
  5: | | | | | | | | | | |
  4: | | | | | | | | | | |
  3: | | | | | | | |*| | |
  2: | | | | | | |*| | | |
  1: | | | | | | | | | |*|
  0: ---------------------
Animal moved from (2,2)N to (2,3)N
 y\x  1 2 3 4 5 6 7 8 9
 10: -------------------
  9: | | |*| |*|*| | | |
  8: | | | | | | | | | |
  7: | | | | | | |*| | |
  6: | | | | | | | | | |
  5: | | | | | | | | | |
  4: |*| |N| | | | |*| |
  3: | |N| |*| | | | | |
  2: | | | | | | | | |*|
  1: | | | | | | |*| | |
  0: |*| | | | | | | | |
 -1: -------------------
Animal moved from (3,4)N to (3,5)N
 y\x  1 2 3 4 5 6 7 8 9
 10: -------------------
  9: | | |*| |*|*| | | |
  8: | | | | | | | | | |
  7: | | | | | | |*| | |
  6: | | | | | | | | | |
  5: | | |N| | | | | | |
  4: |*| | | | | | |*| |
  3: | |N| |*| | | | | |
  2: | | | | | | | | |*|
  1: | | | | | | |*| | |
  0: |*| | | | | | | | |
 -1: -------------------
Animal moved from (2,3)N to (2,4)N
 y\x  1 2 3 4 5 6 7 8 9
 10: -------------------
  9: | | |*| |*|*| | | |
  8: | | | | | | | | | |
  7: | | | | | | |*| | |
  6: | | | | | | | | | |
  5: | | |N| | | | | | |
  4: |*|N| | | | | |*| |
  3: | | | |*| | | | | |
  2: | | | | | | | | |*|
  1: | | | | | | |*| | |
  0: |*| | | | | | | | |
 -1: -------------------
Animal moved from (3,5)N to (3,6)N
 y\x  1 2 3 4 5 6 7 8 9
 10: -------------------
  9: | | |*| |*|*| | | |
  8: | | | | | | | | | |
  7: | | | | | | |*| | |
  6: | | |N| | | | | | |
  5: | | | | | | | | | |
  4: |*|N| | | | | |*| |
  3: | | | |*| | | | | |
  2: | | | | | | | | |*|
  1: | | | | | | |*| | |
  0: |*| | | | | | | | |
 -1: -------------------
Animal moved from (2,4)N to (2,5)N
 y\x  1 2 3 4 5 6 7 8 9
 10: -------------------
  9: | | |*| |*|*| | | |
  8: | | | | | | | | | |
  7: | | | | | | |*| | |
  6: | | |N| | | | | | |
  5: | |N| | | | | | | |
  4: |*| | | | | | |*| |
  3: | | | |*| | | | | |
  2: | | | | | | | | |*|
  1: | | | | | | |*| | |
  0: |*| | | | | | | | |
 -1: -------------------
Animal moved from (3,6)N to (3,7)N
 y\x  1 2 3 4 5 6 7 8 9
 10: -------------------
  9: | | |*| |*|*| | | |
  8: | | | | | | | | | |
  7: | | |N| | | |*| | |
  6: | | | | | | | | | |
  5: | |N| | | | | | | |
  4: |*| | | | | | |*| |
  3: | | | |*| | | | | |
  2: | | | | | | | | |*|
  1: | | | | | | |*| | |
  0: |*| | | | | | | | |
 -1: -------------------
Animal moved from (2,5)N to (2,6)N
 y\x  1 2 3 4 5 6 7 8 9
 10: -------------------
  9: | | |*| |*|*| | | |
  8: | | | | | | | | | |
  7: | | |N| | | |*| | |
  6: | |N| | | | | | | |
  5: | | | | | | | | | |
  4: |*| | | | | | |*| |
  3: | | | |*| | | | | |
  2: | | | | | | | | |*|
  1: | | | | | | |*| | |
  0: |*| | | | | | | | |
 -1: -------------------
Animal moved from (3,7)N to (3,8)N
 y\x  1 2 3 4 5 6 7 8 9
 10: -------------------
  9: | | |*| |*|*| | | |
  8: | | |N| | | | | | |
  7: | | | | | | |*| | |
  6: | |N| | | | | | | |
  5: | | | | | | | | | |
  4: |*| | | | | | |*| |
  3: | | | |*| | | | | |
  2: | | | | | | | | |*|
  1: | | | | | | |*| | |
  0: |*| | | | | | | | |
 -1: -------------------
Animal moved from (2,6)N to (2,7)N
 y\x  1 2 3 4 5 6 7 8 9
 10: -------------------
  9: | | |*| |*|*| | | |
  8: | | |N| | | | | | |
  7: | |N| | | | |*| | |
  6: | | | | | | | | | |
  5: | | | | | | | | | |
  4: |*| | | | | | |*| |
  3: | | | |*| | | | | |
  2: | | | | | | | | |*|
  1: | | | | | | |*| | |
  0: |*| | | | | | | | |
 -1: -------------------
Animal moved from (3,8)N to (3,9)N
 y\x  1 2 3 4 5 6 7 8 9
 10: -------------------
  9: | | |N| |*|*| | | |
  8: | | | | | | | | | |
  7: | |N| | | | |*| | |
  6: | | | | | | | | | |
  5: | | | | | | | | | |
  4: |*| | | | | | |*| |
  3: | | | |*| | | | | |
  2: | | | | | | | | |*|
  1: | | | | | | |*| | |
  0: |*| | | | | | | | |
 -1: -------------------
Animal moved from (2,7)N to (2,8)N
 y\x  1 2 3 4 5 6 7 8 9
 10: -------------------
  9: | | |N| |*|*| | | |
  8: | |N| | | | | | | |
  7: | | | | | | |*| | |
  6: | | | | | | | | | |
  5: | | | | | | | | | |
  4: |*| | | | | | |*| |
  3: | | | |*| | | | | |
  2: | | | | | | | | |*|
  1: | | | | | | |*| | |
  0: |*| | | | | | | | |
 -1: -------------------
Animal moved from (3,9)N to (3,10)N
 y\x  1 2 3 4 5 6 7 8 9
 11: -------------------
 10: | | |N| | | | | | |
  9: | | |*| |*|*| | | |
  8: | |N| | | | | | | |
  7: | | | | | | |*| | |
  6: | | | | | | | | | |
  5: | | | | | | | | | |
  4: |*| | | | | | |*| |
  3: | | | |*| | | | | |
  2: | | | | | | | | |*|
  1: | | | | | | |*| | |
  0: |*| | | | | | | | |
 -1: -------------------
Animal moved from (2,8)N to (2,9)N
 y\x  1 2 3 4 5 6 7 8 9
 11: -------------------
 10: | | |N| | | | | | |
  9: | |N|*| |*|*| | | |
  8: | | | | | | | | | |
  7: | | | | | | |*| | |
  6: | | | | | | | | | |
  5: | | | | | | | | | |
  4: |*| | | | | | |*| |
  3: | | | |*| | | | | |
  2: | | | | | | | | |*|
  1: | | | | | | |*| | |
  0: |*| | | | | | | | |
 -1: -------------------
Animal moved from (3,10)N to (3,11)N
 y\x  1 2 3 4 5 6 7 8 9
 12: -------------------
 11: | | |N| | | | | | |
 10: | | | | | | | | | |
  9: | |N|*| |*|*| | | |
  8: | | | | | | | | | |
  7: | | | | | | |*| | |
  6: | | | | | | | | | |
  5: | | | | | | | | | |
  4: |*| | | | | | |*| |
  3: | | | |*| | | | | |
  2: | | | | | | | | |*|
  1: | | | | | | |*| | |
  0: |*| | | | | | | | |
 -1: -------------------
Animal moved from (2,2)N to (2,3)N
 y\x  0 1 2 3 4 5 6 7 8
 10: -------------------
  9: | | | | |*| | |*| |
  8: | | | | | | | | |*|
  7: | | | | | | | | | |
  6: | | | | | |*| | | |
  5: | | | | | | |*| | |
  4: | | | |N| | | | | |
  3: |*| |N| | | | | | |
  2: |*| | | | | | | | |
  1: | | | | | | | | |*|
  0: | | | | | | | |*| |
 -1: -------------------
Animal moved from (3,4)N to (3,5)N
 y\x  0 1 2 3 4 5 6 7 8
 10: -------------------
  9: | | | | |*| | |*| |
  8: | | | | | | | | |*|
  7: | | | | | | | | | |
  6: | | | | | |*| | | |
  5: | | | |N| | |*| | |
  4: | | | | | | | | | |
  3: |*| |N| | | | | | |
  2: |*| | | | | | | | |
  1: | | | | | | | | |*|
  0: | | | | | | | |*| |
 -1: -------------------
Animal moved from (2,3)N to (2,4)N
 y\x  0 1 2 3 4 5 6 7 8
 10: -------------------
  9: | | | | |*| | |*| |
  8: | | | | | | | | |*|
  7: | | | | | | | | | |
  6: | | | | | |*| | | |
  5: | | | |N| | |*| | |
  4: | | |N| | | | | | |
  3: |*| |*| | | | | | |
  2: |*| | | | | | | | |
  1: | | | | | | | | |*|
  0: | | | | | | | |*| |
 -1: -------------------
Animal moved from (3,5)N to (3,6)N
 y\x  0 1 2 3 4 5 6 7 8
 10: -------------------
  9: | | | | |*| | |*| |
  8: | | | | | | | | |*|
  7: | | | | | | | | | |
  6: | | | |N| |*| | | |
  5: | | | | | | |*| | |
  4: | | |N| | | | | | |
  3: |*| |*| | | | | | |
  2: |*| | | | | | | | |
  1: | | | | | | | | |*|
  0: | | | | | | | |*| |
 -1: -------------------
Animal moved from (2,4)N to (2,5)N
 y\x  0 1 2 3 4 5 6 7 8
 10: -------------------
  9: | | | | |*| | |*| |
  8: | | | | | | | | |*|
  7: | | | | | | | | | |
  6: | | | |N| |*| | | |
  5: | | |N| | | |*| | |
  4: | | | | | | | | | |
  3: |*| |*| | | | | | |
  2: |*| | | | | | | | |
  1: | | | | | | | | |*|
  0: | | | | | | | |*| |
 -1: -------------------
Animal moved from (3,6)N to (3,7)N
 y\x  0 1 2 3 4 5 6 7 8
 10: -------------------
  9: | | | | |*| | |*| |
  8: | | | | | | | | |*|
  7: | | | |N| | | | | |
  6: | | | | | |*| | | |
  5: | | |N| | | |*| | |
  4: | | | | | | | | | |
  3: |*| |*| | | | | | |
  2: |*| | | | | | | | |
  1: | | | | | | | | |*|
  0: | | | | | | | |*| |
 -1: -------------------
Animal moved from (2,5)N to (2,6)N
 y\x  0 1 2 3 4 5 6 7 8
 10: -------------------
  9: | | | | |*| | |*| |
  8: | | | | | | | | |*|
  7: | | | |N| | | | | |
  6: | | |N| | |*| | | |
  5: | | | | | | |*| | |
  4: | | | | | | | | | |
  3: |*| |*| | | | | | |
  2: |*| | | | | | | | |
  1: | | | | | | | | |*|
  0: | | | | | | | |*| |
 -1: -------------------
Animal moved from (2,2)N to (2,3)N
 y\x  1 2 3 4 5 6 7 8
 10: -----------------
  9: |*| | | |*| | | |
  8: | | |*| | | | | |
  7: | | | | | |*| | |
  6: |*| |*| | | | | |
  5: | | | | | | | | |
  4: | |*|N| | | | |*|
  3: | |N| | | | | | |
  2: | | |*| | | | | |
  1: |*| | | | | | | |
  0: -----------------
Animal moved from (3,4)N to (3,5)N
 y\x  1 2 3 4 5 6 7 8
 10: -----------------
  9: |*| | | |*| | | |
  8: | | |*| | | | | |
  7: | | | | | |*| | |
  6: |*| |*| | | | | |
  5: | | |N| | | | | |
  4: | |*| | | | | |*|
  3: | |N| | | | | | |
  2: | | |*| | | | | |
  1: |*| | | | | | | |
  0: -----------------
Animal moved from (2,3)N to (2,4)N
 y\x  1 2 3 4 5 6 7 8
 10: -----------------
  9: |*| | | |*| | | |
  8: | | |*| | | | | |
  7: | | | | | |*| | |
  6: |*| |*| | | | | |
  5: | | |N| | | | | |
  4: | |N| | | | | |*|
  3: | | | | | | | | |
  2: | | |*| | | | | |
  1: |*| | | | | | | |
  0: -----------------
Animal moved from (3,5)N to (3,6)N
 y\x  1 2 3 4 5 6 7 8
 10: -----------------
  9: |*| | | |*| | | |
  8: | | |*| | | | | |
  7: | | | | | |*| | |
  6: |*| |N| | | | | |
  5: | | | | | | | | |
  4: | |N| | | | | |*|
  3: | | | | | | | | |
  2: | | |*| | | | | |
  1: |*| | | | | | | |
  0: -----------------
Animal moved from (2,4)N to (2,5)N
 y\x  1 2 3 4 5 6 7 8
 10: -----------------
  9: |*| | | |*| | | |
  8: | | |*| | | | | |
  7: | | | | | |*| | |
  6: |*| |N| | | | | |
  5: | |N| | | | | | |
  4: | |*| | | | | |*|
  3: | | | | | | | | |
  2: | | |*| | | | | |
  1: |*| | | | | | | |
  0: -----------------
Animal moved from (3,6)N to (3,7)N
 y\x  1 2 3 4 5 6 7 8
 10: -----------------
  9: |*| | | |*| | | |
  8: | | |*| | | | | |
  7: | | |N| | |*| | |
  6: |*| |*| | | | | |
  5: | |N| | | | | | |
  4: | |*| | | | | |*|
  3: | | | | | | | | |
  2: | | |*| | | | | |
  1: |*| | | | | | | |
  0: -----------------
Animal moved from (2,5)N to (2,6)N
 y\x  1 2 3 4 5 6 7 8
 10: -----------------
  9: |*| | | |*| | | |
  8: | | |*| | | | | |
  7: | | |N| | |*| | |
  6: |*|N|*| | | | | |
  5: | | | | | | | | |
  4: | |*| | | | | |*|
  3: | | | | | | | | |
  2: | | |*| | | | | |
  1: |*| | | | | | | |
  0: -----------------
Animal moved from (2,2)N to (2,3)N
 y\x  0 1 2 3 4 5 6 7
 10: -----------------
  9: |*| | | | | | | |
  8: | |*| | | | | | |
  7: |*| | | | | | | |
  6: | | | | | | | | |
  5: |*|*| |*| | | | |
  4: | | | |N| | | | |
  3: | | |N| | | | | |
  2: | | | | | |*| |*|
  1: | | | | | |*| | |
  0: | | | |*| | | | |
 -1: -----------------
Animal moved from (3,4)N to (3,5)N
 y\x  0 1 2 3 4 5 6 7
 10: -----------------
  9: |*| | | | | | | |
  8: | |*| | | | | | |
  7: |*| | | | | | | |
  6: | | | | | | | | |
  5: |*|*| |N| | | | |
  4: | | | | | | | | |
  3: | | |N| | | | | |
  2: | | | | | |*| |*|
  1: | | | | | |*| | |
  0: | | | |*| | | | |
 -1: -----------------
Animal moved from (2,3)N to (2,4)N
 y\x  0 1 2 3 4 5 6 7
 10: -----------------
  9: |*| | | | | | | |
  8: | |*| | | | | | |
  7: |*| | | | | | | |
  6: | | | | | | | | |
  5: |*|*| |N| | | | |
  4: | | |N| | | | | |
  3: | | | | | | | | |
  2: | | | | | |*| |*|
  1: | | | | | |*| | |
  0: | | | |*| | | | |
 -1: -----------------
Animal moved from (3,5)N to (3,6)N
 y\x  0 1 2 3 4 5 6 7
 10: -----------------
  9: |*| | | | | | | |
  8: | |*| | | | | | |
  7: |*| | | | | | | |
  6: | | | |N| | | | |
  5: |*|*| |*| | | | |
  4: | | |N| | | | | |
  3: | | | | | | | | |
  2: | | | | | |*| |*|
  1: | | | | | |*| | |
  0: | | | |*| | | | |
 -1: -----------------
Animal moved from (2,4)N to (2,5)N
 y\x  0 1 2 3 4 5 6 7
 10: -----------------
  9: |*| | | | | | | |
  8: | |*| | | | | | |
  7: |*| | | | | | | |
  6: | | | |N| | | | |
  5: |*|*|N|*| | | | |
  4: | | | | | | | | |
  3: | | | | | | | | |
  2: | | | | | |*| |*|
  1: | | | | | |*| | |
  0: | | | |*| | | | |
 -1: -----------------
Animal moved from (3,6)N to (3,7)N
 y\x  0 1 2 3 4 5 6 7
 10: -----------------
  9: |*| | | | | | | |
  8: | |*| | | | | | |
  7: |*| | |N| | | | |
  6: | | | | | | | | |
  5: |*|*|N|*| | | | |
  4: | | | | | | | | |
  3: | | | | | | | | |
  2: | | | | | |*| |*|
  1: | | | | | |*| | |
  0: | | | |*| | | | |
 -1: -----------------
Animal moved from (2,5)N to (2,6)N
 y\x  0 1 2 3 4 5 6 7
 10: -----------------
  9: |*| | | | | | | |
  8: | |*| | | | | | |
  7: |*| | |N| | | | |
  6: | | |N| | | | | |
  5: |*|*| |*| | | | |
  4: | | | | | | | | |
  3: | | | | | | | | |
  2: | | | | | |*| |*|
  1: | | | | | |*| | |
  0: | | | |*| | | | |
 -1: -----------------
Animal moved from (3,7)N to (3,8)N
 y\x  0 1 2 3 4 5 6 7
 10: -----------------
  9: |*| | | | | | | |
  8: | |*| |N| | | | |
  7: |*| | | | | | | |
  6: | | |N| | | | | |
  5: |*|*| |*| | | | |
  4: | | | | | | | | |
  3: | | | | | | | | |
  2: | | | | | |*| |*|
  1: | | | | | |*| | |
  0: | | | |*| | | | |
 -1: -----------------
Animal moved from (2,6)N to (2,7)N
 y\x  0 1 2 3 4 5 6 7
 10: -----------------
  9: |*| | | | | | | |
  8: | |*| |N| | | | |
  7: |*| |N| | | | | |
  6: | | | | | | | | |
  5: |*|*| |*| | | | |
  4: | | | | | | | | |
  3: | | | | | | | | |
  2: | | | | | |*| |*|
  1: | | | | | |*| | |
  0: | | | |*| | | | |
 -1: -----------------
Animal moved from (3,8)N to (3,9)N
 y\x  0 1 2 3 4 5 6 7
 10: -----------------
  9: |*| | |N| | | | |
  8: | |*| | | | | | |
  7: |*| |N| | | | | |
  6: | | | | | | | | |
  5: |*|*| |*| | | | |
  4: | | | | | | | | |
  3: | | | | | | | | |
  2: | | | | | |*| |*|
  1: | | | | | |*| | |
  0: | | | |*| | | | |
 -1: -----------------
Animal moved from (2,7)N to (2,8)N
 y\x  0 1 2 3 4 5 6 7
 10: -----------------
  9: |*| | |N| | | | |
  8: | |*|N| | | | | |
  7: |*| | | | | | | |
  6: | | | | | | | | |
  5: |*|*| |*| | | | |
  4: | | | | | | | | |
  3: | | | | | | | | |
  2: | | | | | |*| |*|
  1: | | | | | |*| | |
  0: | | | |*| | | | |
 -1: -----------------
Animal moved from (3,9)N to (3,10)N
 y\x  0 1 2 3 4 5 6 7
 11: -----------------
 10: | | | |N| | | | |
  9: |*| | | | | | | |
  8: | |*|N| | | | | |
  7: |*| | | | | | | |
  6: | | | | | | | | |
  5: |*|*| |*| | | | |
  4: | | | | | | | | |
  3: | | | | | | | | |
  2: | | | | | |*| |*|
  1: | | | | | |*| | |
  0: | | | |*| | | | |
 -1: -----------------
Animal moved from (2,2)N to (2,3)N
 y\x  0 1 2 3 4 5 6 7 8 9
 10: ---------------------
  9: | | |*| | | |*| | | |
  8: | | | | | | | | |*| |
  7: | | | | | | | | | | |
  6: | | | | | | | | | | |
  5: | | | | | | | | | | |
  4: | | | |N| | | | | | |
  3: |*| |N| | | | | | | |
  2: | | | | | |*| | | |*|
  1: | | |*| | | | |*| | |
  0: | | | | | | |*| | | |
 -1: ---------------------
Animal moved from (3,4)N to (3,5)N
 y\x  0 1 2 3 4 5 6 7 8 9
 10: ---------------------
  9: | | |*| | | |*| | | |
  8: | | | | | | | | |*| |
  7: | | | | | | | | | | |
  6: | | | | | | | | | | |
  5: | | | |N| | | | | | |
  4: | | | |*| | | | | | |
  3: |*| |N| | | | | | | |
  2: | | | | | |*| | | |*|
  1: | | |*| | | | |*| | |
  0: | | | | | | |*| | | |
 -1: ---------------------
Animal moved from (2,3)N to (2,4)N
 y\x  0 1 2 3 4 5 6 7 8 9
 10: ---------------------
  9: | | |*| | | |*| | | |
  8: | | | | | | | | |*| |
  7: | | | | | | | | | | |
  6: | | | | | | | | | | |
  5: | | | |N| | | | | | |
  4: | | |N|*| | | | | | |
  3: |*| | | | | | | | | |
  2: | | | | | |*| | | |*|
  1: | | |*| | | | |*| | |
  0: | | | | | | |*| | | |
 -1: ---------------------
Animal moved from (3,5)N to (3,6)N
 y\x  0 1 2 3 4 5 6 7 8 9
 10: ---------------------
  9: | | |*| | | |*| | | |
  8: | | | | | | | | |*| |
  7: | | | | | | | | | | |
  6: | | | |N| | | | | | |
  5: | | | | | | | | | | |
  4: | | |N|*| | | | | | |
  3: |*| | | | | | | | | |
  2: | | | | | |*| | | |*|
  1: | | |*| | | | |*| | |
  0: | | | | | | |*| | | |
 -1: ---------------------
Animal moved from (2,4)N to (2,5)N
 y\x  0 1 2 3 4 5 6 7 8 9
 10: ---------------------
  9: | | |*| | | |*| | | |
  8: | | | | | | | | |*| |
  7: | | | | | | | | | | |
  6: | | | |N| | | | | | |
  5: | | |N| | | | | | | |
  4: | | | |*| | | | | | |
  3: |*| | | | | | | | | |
  2: | | | | | |*| | | |*|
  1: | | |*| | | | |*| | |
  0: | | | | | | |*| | | |
 -1: ---------------------
Animal moved from (3,6)N to (3,7)N
 y\x  0 1 2 3 4 5 6 7 8 9
 10: ---------------------
  9: | | |*| | | |*| | | |
  8: | | | | | | | | |*| |
  7: | | | |N| | | | | | |
  6: | | | | | | | | | | |
  5: | | |N| | | | | | | |
  4: | | | |*| | | | | | |
  3: |*| | | | | | | | | |
  2: | | | | | |*| | | |*|
  1: | | |*| | | | |*| | |
  0: | | | | | | |*| | | |
 -1: ---------------------
Animal moved from (2,5)N to (2,5)W
 y\x  0 1 2 3 4 5 6 7 8 9
 10: ---------------------
  9: | | |*| | | |*| | | |
  8: | | | | | | | | |*| |
  7: | | | |N| | | | | | |
  6: | | | | | | | | | | |
  5: | | |W| | | | | | | |
  4: | | | |*| | | | | | |
  3: |*| | | | | | | | | |
  2: | | | | | |*| | | |*|
  1: | | |*| | | | |*| | |
  0: | | | | | | |*| | | |
 -1: ---------------------
Animal moved from (3,7)N to (3,7)W
 y\x  0 1 2 3 4 5 6 7 8 9
 10: ---------------------
  9: | | |*| | | |*| | | |
  8: | | | | | | | | |*| |
  7: | | | |W| | | | | | |
  6: | | | | | | | | | | |
  5: | | |W| | | | | | | |
  4: | | | |*| | | | | | |
  3: |*| | | | | | | | | |
  2: | | | | | |*| | | |*|
  1: | | |*| | | | |*| | |
  0: | | | | | | |*| | | |
 -1: ---------------------
Animal moved from (2,5)W to (3,5)W
 y\x  0 1 2 3 4 5 6 7 8 9
 10: ---------------------
  9: | | |*| | | |*| | | |
  8: | | | | | | | | |*| |
  7: | | | |W| | | | | | |
  6: | | | | | | | | | | |
  5: | | | |W| | | | | | |
  4: | | | |*| | | | | | |
  3: |*| | | | | | | | | |
  2: | | | | | |*| | | |*|
  1: | | |*| | | | |*| | |
  0: | | | | | | |*| | | |
 -1: ---------------------
Animal moved from (3,7)W to (4,7)W
 y\x  0 1 2 3 4 5 6 7 8 9
 10: ---------------------
  9: | | |*| | | |*| | | |
  8: | | | | | | | | |*| |
  7: | | | | |W| | | | | |
  6: | | | | | | | | | | |
  5: | | | |W| | | | | | |
  4: | | | |*| | | | | | |
  3: |*| | | | | | | | | |
  2: | | | | | |*| | | |*|
  1: | | |*| | | | |*| | |
  0: | | | | | | |*| | | |
 -1: ---------------------
Animal moved from (3,5)W to (4,5)W
 y\x  0 1 2 3 4 5 6 7 8 9
 10: ---------------------
  9: | | |*| | | |*| | | |
  8: | | | | | | | | |*| |
  7: | | | | |W| | | | | |
  6: | | | | | | | | | | |
  5: | | | | |W| | | | | |
  4: | | | |*| | | | | | |
  3: |*| | | | | | | | | |
  2: | | | | | |*| | | |*|
  1: | | |*| | | | |*| | |
  0: | | | | | | |*| | | |
 -1: ---------------------
Animal moved from (4,7)W to (5,7)W
 y\x  0 1 2 3 4 5 6 7 8 9
 10: ---------------------
  9: | | |*| | | |*| | | |
  8: | | | | | | | | |*| |
  7: | | | | | |W| | | | |
  6: | | | | | | | | | | |
  5: | | | | |W| | | | | |
  4: | | | |*| | | | | | |
  3: |*| | | | | | | | | |
  2: | | | | | |*| | | |*|
  1: | | |*| | | | |*| | |
  0: | | | | | | |*| | | |
 -1: ---------------------
Animal moved from (2,2)N to (2,3)N
 y\x  0 1 2 3 4 5 6 7
 10: -----------------
  9: | | | | | |*| | |
  8: |*| | | |*| | |*|
  7: | | | | | |*| |*|
  6: | | | | | |*| | |
  5: | | |*| | | | | |
  4: | | | |N| | | | |
  3: | | |N| |*| | | |
  2: -----------------
Animal moved from (3,4)N to (3,5)N
 y\x  0 1 2 3 4 5 6 7
 10: -----------------
  9: | | | | | |*| | |
  8: |*| | | |*| | |*|
  7: | | | | | |*| |*|
  6: | | | | | |*| | |
  5: | | |*|N| | | | |
  4: | | | | | | | | |
  3: | | |N| |*| | | |
  2: -----------------
Animal moved from (2,3)N to (2,4)N
 y\x  0 1 2 3 4 5 6 7
 10: -----------------
  9: | | | | | |*| | |
  8: |*| | | |*| | |*|
  7: | | | | | |*| |*|
  6: | | | | | |*| | |
  5: | | |*|N| | | | |
  4: | | |N| | | | | |
  3: | | |*| |*| | | |
  2: -----------------
Animal moved from (3,5)N to (3,6)N
 y\x  0 1 2 3 4 5 6 7
 10: -----------------
  9: | | | | | |*| | |
  8: |*| | | |*| | |*|
  7: | | | | | |*| |*|
  6: | | | |N| |*| | |
  5: | | |*| | | | | |
  4: | | |N| | | | | |
  3: | | |*| |*| | | |
  2: -----------------
Animal moved from (2,4)N to (2,5)N
 y\x  0 1 2 3 4 5 6 7
 10: -----------------
  9: | | | | | |*| | |
  8: |*| | | |*| | |*|
  7: | | | | | |*| |*|
  6: | | | |N| |*| | |
  5: | | |N| | | | | |
  4: | | | | | | | | |
  3: | | |*| |*| | | |
  2: -----------------
Animal moved from (3,6)N to (3,7)N
 y\x  0 1 2 3 4 5 6 7
 10: -----------------
  9: | | | | | |*| | |
  8: |*| | | |*| | |*|
  7: | | | |N| |*| |*|
  6: | | | | | |*| | |
  5: | | |N| | | | | |
  4: | | | | | | | | |
  3: | | |*| |*| | | |
  2: -----------------
Animal moved from (2,5)N to (2,4)N
 y\x  0 1 2 3 4 5 6 7
 10: -----------------
  9: | | | | | |*| | |
  8: |*| | | |*| | |*|
  7: | | | |N| |*| |*|
  6: | | | | | |*| | |
  5: | | |*| | | | | |
  4: | | |N| | | | | |
  3: | | |*| |*| | | |
  2: -----------------
Animal moved from (3,7)N to (3,6)N
 y\x  0 1 2 3 4 5 6 7
 10: -----------------
  9: | | | | | |*| | |
  8: |*| | | |*| | |*|
  7: | | | | | |*| |*|
  6: | | | |N| |*| | |
  5: | | |*| | | | | |
  4: | | |N| | | | | |
  3: | | |*| |*| | | |
  2: -----------------
Animal moved from (2,4)N to (2,3)N
 y\x  0 1 2 3 4 5 6 7
 10: -----------------
  9: | | | | | |*| | |
  8: |*| | | |*| | |*|
  7: | | | | | |*| |*|
  6: | | | |N| |*| | |
  5: | | |*| | | | | |
  4: | | | | | | | | |
  3: | | |N| |*| | | |
  2: -----------------
Animal moved from (3,6)N to (3,5)N
 y\x  0 1 2 3 4 5 6 7
 10: -----------------
  9: | | | | | |*| | |
  8: |*| | | |*| | |*|
  7: | | | | | |*| |*|
  6: | | | | | |*| | |
  5: | | |*|N| | | | |
  4: | | | | | | | | |
  3: | | |N| |*| | | |
  2: -----------------
Animal moved from (2,3)N to (2,2)N
 y\x  0 1 2 3 4 5 6 7
 10: -----------------
  9: | | | | | |*| | |
  8: |*| | | |*| | |*|
  7: | | | | | |*| |*|
  6: | | | | | |*| | |
  5: | | |*|N| | | | |
  4: | | | | | | | | |
  3: | | |*| |*| | | |
  2: | | |N| | | | | |
  1: -----------------
Animal moved from (3,5)N to (3,4)N
 y\x  0 1 2 3 4 5 6 7
 10: -----------------
  9: | | | | | |*| | |
  8: |*| | | |*| | |*|
  7: | | | | | |*| |*|
  6: | | | | | |*| | |
  5: | | |*| | | | | |
  4: | | | |N| | | | |
  3: | | |*| |*| | | |
  2: | | |N| | | | | |
  1: -----------------
Animal moved from (2,2)N to (2,2)E
 y\x  0 1 2 3 4 5 6 7
 10: -----------------
  9: | | | | | |*| | |
  8: |*| | | |*| | |*|
  7: | | | | | |*| |*|
  6: | | | | | |*| | |
  5: | | |*| | | | | |
  4: | | | |N| | | | |
  3: | | |*| |*| | | |
  2: | | |E| | | | | |
  1: -----------------
Animal moved from (3,4)N to (3,4)E
 y\x  0 1 2 3 4 5 6 7
 10: -----------------
  9: | | | | | |*| | |
  8: |*| | | |*| | |*|
  7: | | | | | |*| |*|
  6: | | | | | |*| | |
  5: | | |*| | | | | |
  4: | | | |E| | | | |
  3: | | |*| |*| | | |
  2: | | |E| | | | | |
  1: -----------------
Animal moved from (2,2)E to (2,2)S
 y\x  0 1 2 3 4 5 6 7
 10: -----------------
  9: | | | | | |*| | |
  8: |*| | | |*| | |*|
  7: | | | | | |*| |*|
  6: | | | | | |*| | |
  5: | | |*| | | | | |
  4: | | | |E| | | | |
  3: | | |*| |*| | | |
  2: | | |S| | | | | |
  1: -----------------
Animal moved from (3,4)E to (3,4)S
 y\x  0 1 2 3 4 5 6 7
 10: -----------------
  9: | | | | | |*| | |
  8: |*| | | |*| | |*|
  7: | | | | | |*| |*|
  6: | | | | | |*| | |
  5: | | |*| | | | | |
  4: | | | |S| | | | |
  3: | | |*| |*| | | |
  2: | | |S| | | | | |
  1: -----------------
Animal moved from (2,2)S to (2,2)W
 y\x  0 1 2 3 4 5 6 7
 10: -----------------
  9: | | | | | |*| | |
  8: |*| | | |*| | |*|
  7: | | | | | |*| |*|
  6: | | | | | |*| | |
  5: | | |*| | | | | |
  4: | | | |S| | | | |
  3: | | |*| |*| | | |
  2: | | |W| | | | | |
  1: -----------------
Animal moved from (2,2)N to (2,3)N
 y\x  0 1 2 3 4 5 6 7 8
  9: -------------------
  8: | | | | | | | | |*|
  7: | | | | | | |*| | |
  6: | | | | | | | |*| |
  5: | | | |*| | | | | |
  4: | | | |N| | |*| | |
  3: |*|*|N| | | | | |*|
  2: | | | |*| | | | | |
  1: | | | | | |*| | | |
  0: -------------------
Animal moved from (3,4)N to (3,5)N
 y\x  0 1 2 3 4 5 6 7 8
  9: -------------------
  8: | | | | | | | | |*|
  7: | | | | | | |*| | |
  6: | | | | | | | |*| |
  5: | | | |N| | | | | |
  4: | | | | | | |*| | |
  3: |*|*|N| | | | | |*|
  2: | | | |*| | | | | |
  1: | | | | | |*| | | |
  0: -------------------
Animal moved from (2,3)N to (2,4)N
 y\x  0 1 2 3 4 5 6 7 8
  9: -------------------
  8: | | | | | | | | |*|
  7: | | | | | | |*| | |
  6: | | | | | | | |*| |
  5: | | | |N| | | | | |
  4: | | |N| | | |*| | |
  3: |*|*| | | | | | |*|
  2: | | | |*| | | | | |
  1: | | | | | |*| | | |
  0: -------------------
Animal moved from (3,5)N to (3,5)E
 y\x  0 1 2 3 4 5 6 7 8
  9: -------------------
  8: | | | | | | | | |*|
  7: | | | | | | |*| | |
  6: | | | | | | | |*| |
  5: | | | |E| | | | | |
  4: | | |N| | | |*| | |
  3: |*|*| | | | | | |*|
  2: | | | |*| | | | | |
  1: | | | | | |*| | | |
  0: -------------------
Animal moved from (2,4)N to (2,4)W
 y\x  0 1 2 3 4 5 6 7 8
  9: -------------------
  8: | | | | | | | | |*|
  7: | | | | | | |*| | |
  6: | | | | | | | |*| |
  5: | | | |E| | | | | |
  4: | | |W| | | |*| | |
  3: |*|*| | | | | | |*|
  2: | | | |*| | | | | |
  1: | | | | | |*| | | |
  0: -------------------
Animal moved from (3,5)E to (4,5)E
 y\x  0 1 2 3 4 5 6 7 8
  9: -------------------
  8: | | | | | | | | |*|
  7: | | | | | | |*| | |
  6: | | | | | | | |*| |
  5: | | | |*|E| | | | |
  4: | | |W| | | |*| | |
  3: |*|*| | | | | | |*|
  2: | | | |*| | | | | |
  1: | | | | | |*| | | |
  0: -------------------
Animal moved from (2,4)W to (1,4)W
 y\x  0 1 2 3 4 5 6 7 8
  9: -------------------
  8: | | | | | | | | |*|
  7: | | | | | | |*| | |
  6: | | | | | | | |*| |
  5: | | | |*|E| | | | |
  4: | |W| | | | |*| | |
  3: |*|*| | | | | | |*|
  2: | | | |*| | | | | |
  1: | | | | | |*| | | |
  0: -------------------
Animal moved from (4,5)E to (5,5)E
 y\x  0 1 2 3 4 5 6 7 8
  9: -------------------
  8: | | | | | | | | |*|
  7: | | | | | | |*| | |
  6: | | | | | | | |*| |
  5: | | | |*| |E| | | |
  4: | |W| | | | |*| | |
  3: |*|*| | | | | | |*|
  2: | | | |*| | | | | |
  1: | | | | | |*| | | |
  0: -------------------
Animal moved from (1,4)W to (2,4)W
 y\x  0 1 2 3 4 5 6 7 8
  9: -------------------
  8: | | | | | | | | |*|
  7: | | | | | | |*| | |
  6: | | | | | | | |*| |
  5: | | | |*| |E| | | |
  4: | | |W| | | |*| | |
  3: |*|*| | | | | | |*|
  2: | | | |*| | | | | |
  1: | | | | | |*| | | |
  0: -------------------
Animal moved from (2,2)N to (2,3)N
 y\x  0 1 2 3 4 5 6 7 8 9
  6: ---------------------
  5: | | | | | | |*| | | |
  4: |*| | |N| | | | | | |
  3: | | |N| | | | | |*| |
  2: |*| |*| |*| | | | | |
  1: | | |*| | | |*| | |*|
  0: | |*| | | | | | | | |
 -1: ---------------------
Animal moved from (3,4)N to (3,5)N
 y\x  0 1 2 3 4 5 6 7 8 9
  6: ---------------------
  5: | | | |N| | |*| | | |
  4: |*| | | | | | | | | |
  3: | | |N| | | | | |*| |
  2: |*| |*| |*| | | | | |
  1: | | |*| | | |*| | |*|
  0: | |*| | | | | | | | |
 -1: ---------------------
Animal moved from (2,3)N to (2,4)N
 y\x  0 1 2 3 4 5 6 7 8 9
  6: ---------------------
  5: | | | |N| | |*| | | |
  4: |*| |N| | | | | | | |
  3: | | | | | | | | |*| |
  2: |*| |*| |*| | | | | |
  1: | | |*| | | |*| | |*|
  0: | |*| | | | | | | | |
 -1: ---------------------
Animal moved from (3,5)N to (3,6)N
 y\x  0 1 2 3 4 5 6 7 8 9
  7: ---------------------
  6: | | | |N| | | | | | |
  5: | | | | | | |*| | | |
  4: |*| |N| | | | | | | |
  3: | | | | | | | | |*| |
  2: |*| |*| |*| | | | | |
  1: | | |*| | | |*| | |*|
  0: | |*| | | | | | | | |
 -1: ---------------------
Animal moved from (2,4)N to (2,5)N
 y\x  0 1 2 3 4 5 6 7 8 9
  7: ---------------------
  6: | | | |N| | | | | | |
  5: | | |N| | | |*| | | |
  4: |*| | | | | | | | | |
  3: | | | | | | | | |*| |
  2: |*| |*| |*| | | | | |
  1: | | |*| | | |*| | |*|
  0: | |*| | | | | | | | |
 -1: ---------------------
Animal moved from (3,6)N to (3,7)N
 y\x  0 1 2 3 4 5 6 7 8 9
  8: ---------------------
  7: | | | |N| | | | | | |
  6: | | | | | | | | | | |
  5: | | |N| | | |*| | | |
  4: |*| | | | | | | | | |
  3: | | | | | | | | |*| |
  2: |*| |*| |*| | | | | |
  1: | | |*| | | |*| | |*|
  0: | |*| | | | | | | | |
 -1: ---------------------
Animal moved from (2,5)N to (2,6)N
 y\x  0 1 2 3 4 5 6 7 8 9
  8: ---------------------
  7: | | | |N| | | | | | |
  6: | | |N| | | | | | | |
  5: | | | | | | |*| | | |
  4: |*| | | | | | | | | |
  3: | | | | | | | | |*| |
  2: |*| |*| |*| | | | | |
  1: | | |*| | | |*| | |*|
  0: | |*| | | | | | | | |
 -1: ---------------------
Animal moved from (3,7)N to (3,8)N
 y\x  0 1 2 3 4 5 6 7 8 9
  9: ---------------------
  8: | | | |N| | | | | | |
  7: | | | | | | | | | | |
  6: | | |N| | | | | | | |
  5: | | | | | | |*| | | |
  4: |*| | | | | | | | | |
  3: | | | | | | | | |*| |
  2: |*| |*| |*| | | | | |
  1: | | |*| | | |*| | |*|
  0: | |*| | | | | | | | |
 -1: ---------------------
Animal moved from (2,6)N to (2,7)N
 y\x  0 1 2 3 4 5 6 7 8 9
  9: ---------------------
  8: | | | |N| | | | | | |
  7: | | |N| | | | | | | |
  6: | | | | | | | | | | |
  5: | | | | | | |*| | | |
  4: |*| | | | | | | | | |
  3: | | | | | | | | |*| |
  2: |*| |*| |*| | | | | |
  1: | | |*| | | |*| | |*|
  0: | |*| | | | | | | | |
 -1: ---------------------
Animal moved from (3,8)N to (3,8)E
 y\x  0 1 2 3 4 5 6 7 8 9
  9: ---------------------
  8: | | | |E| | | | | | |
  7: | | |N| | | | | | | |
  6: | | | | | | | | | | |
  5: | | | | | | |*| | | |
  4: |*| | | | | | | | | |
  3: | | | | | | | | |*| |
  2: |*| |*| |*| | | | | |
  1: | | |*| | | |*| | |*|
  0: | |*| | | | | | | | |
 -1: ---------------------
Animal moved from (2,7)N to (2,7)E
 y\x  0 1 2 3 4 5 6 7 8 9
  9: ---------------------
  8: | | | |E| | | | | | |
  7: | | |E| | | | | | | |
  6: | | | | | | | | | | |
  5: | | | | | | |*| | | |
  4: |*| | | | | | | | | |
  3: | | | | | | | | |*| |
  2: |*| |*| |*| | | | | |
  1: | | |*| | | |*| | |*|
  0: | |*| | | | | | | | |
 -1: ---------------------
Animal moved from (3,8)E to (3,8)S
 y\x  0 1 2 3 4 5 6 7 8 9
  9: ---------------------
  8: | | | |S| | | | | | |
  7: | | |E| | | | | | | |
  6: | | | | | | | | | | |
  5: | | | | | | |*| | | |
  4: |*| | | | | | | | | |
  3: | | | | | | | | |*| |
  2: |*| |*| |*| | | | | |
  1: | | |*| | | |*| | |*|
  0: | |*| | | | | | | | |
 -1: ---------------------
Animal moved from (2,7)E to (2,7)S
 y\x  0 1 2 3 4 5 6 7 8 9
  9: ---------------------
  8: | | | |S| | | | | | |
  7: | | |S| | | | | | | |
  6: | | | | | | | | | | |
  5: | | | | | | |*| | | |
  4: |*| | | | | | | | | |
  3: | | | | | | | | |*| |
  2: |*| |*| |*| | | | | |
  1: | | |*| | | |*| | |*|
  0: | |*| | | | | | | | |
 -1: ---------------------
Animal moved from (3,8)S to (3,8)E
 y\x  0 1 2 3 4 5 6 7 8 9
  9: ---------------------
  8: | | | |E| | | | | | |
  7: | | |S| | | | | | | |
  6: | | | | | | | | | | |
  5: | | | | | | |*| | | |
  4: |*| | | | | | | | | |
  3: | | | | | | | | |*| |
  2: |*| |*| |*| | | | | |
  1: | | |*| | | |*| | |*|
  0: | |*| | | | | | | | |
 -1: ---------------------
Animal moved from (2,7)S to (2,7)E
 y\x  0 1 2 3 4 5 6 7 8 9
  9: ---------------------
  8: | | | |E| | | | | | |
  7: | | |E| | | | | | | |
  6: | | | | | | | | | | |
  5: | | | | | | |*| | | |
  4: |*| | | | | | | | | |
  3: | | | | | | | | |*| |
  2: |*| |*| |*| | | | | |
  1: | | |*| | | |*| | |*|
  0: | |*| | | | | | | | |
 -1: ---------------------
Animal moved from (3,8)E to (3,8)N
 y\x  0 1 2 3 4 5 6 7 8 9
  9: ---------------------
  8: | | | |N| | | | | | |
  7: | | |E| | | | | | | |
  6: | | | | | | | | | | |
  5: | | | | | | |*| | | |
  4: |*| | | | | | | | | |
  3: | | | | | | | | |*| |
  2: |*| |*| |*| | | | | |
  1: | | |*| | | |*| | |*|
  0: | |*| | | | | | | | |
 -1: ---------------------
Animal moved from (2,7)E to (2,7)N
 y\x  0 1 2 3 4 5 6 7 8 9
  9: ---------------------
  8: | | | |N| | | | | | |
  7: | | |N| | | | | | | |
  6: | | | | | | | | | | |
  5: | | | | | | |*| | | |
  4: |*| | | | | | | | | |
  3: | | | | | | | | |*| |
  2: |*| |*| |*| | | | | |
  1: | | |*| | | |*| | |*|
  0: | |*| | | | | | | | |
 -1: ---------------------
Animal moved from (3,8)N to (3,8)W
 y\x  0 1 2 3 4 5 6 7 8 9
  9: ---------------------
  8: | | | |W| | | | | | |
  7: | | |N| | | | | | | |
  6: | | | | | | | | | | |
  5: | | | | | | |*| | | |
  4: |*| | | | | | | | | |
  3: | | | | | | | | |*| |
  2: |*| |*| |*| | | | | |
  1: | | |*| | | |*| | |*|
  0: | |*| | | | | | | | |
 -1: ---------------------
Animal moved from (2,7)N to (2,6)N
 y\x  0 1 2 3 4 5 6 7 8 9
  9: ---------------------
  8: | | | |W| | | | | | |
  7: | | | | | | | | | | |
  6: | | |N| | | | | | | |
  5: | | | | | | |*| | | |
  4: |*| | | | | | | | | |
  3: | | | | | | | | |*| |
  2: |*| |*| |*| | | | | |
  1: | | |*| | | |*| | |*|
  0: | |*| | | | | | | | |
 -1: ---------------------
Animal moved from (3,8)W to (4,8)W
 y\x  0 1 2 3 4 5 6 7 8 9
  9: ---------------------
  8: | | | | |W| | | | | |
  7: | | | | | | | | | | |
  6: | | |N| | | | | | | |
  5: | | | | | | |*| | | |
  4: |*| | | | | | | | | |
  3: | | | | | | | | |*| |
  2: |*| |*| |*| | | | | |
  1: | | |*| | | |*| | |*|
  0: | |*| | | | | | | | |
 -1: ---------------------
Animal moved from (2,6)N to (2,5)N
 y\x  0 1 2 3 4 5 6 7 8 9
  9: ---------------------
  8: | | | | |W| | | | | |
  7: | | | | | | | | | | |
  6: | | | | | | | | | | |
  5: | | |N| | | |*| | | |
  4: |*| | | | | | | | | |
  3: | | | | | | | | |*| |
  2: |*| |*| |*| | | | | |
  1: | | |*| | | |*| | |*|
  0: | |*| | | | | | | | |
 -1: ---------------------
Animal moved from (4,8)W to (5,8)W
 y\x  0 1 2 3 4 5 6 7 8 9
  9: ---------------------
  8: | | | | | |W| | | | |
  7: | | | | | | | | | | |
  6: | | | | | | | | | | |
  5: | | |N| | | |*| | | |
  4: |*| | | | | | | | | |
  3: | | | | | | | | |*| |
  2: |*| |*| |*| | | | | |
  1: | | |*| | | |*| | |*|
  0: | |*| | | | | | | | |
 -1: ---------------------
