Animal moved from (2,2)N to (2,3)N
 y\x  0 1 2 3 4 5 6 7 8
 10: -------------------
  9: |*| | |*| |*| | | |
  8: | | | | | | | | |*|
  7: | | | | | | | | | |
  6: |*| | | | | | | | |
  5: | | | | | | |*| | |
  4: | | | |N| | | | | |
  3: | | |N| | | | | | |
  2: | |*| | | | |*| | |
  1: | | | | | | | |*|*|
  0: -------------------
Animal moved from (3,4)N to (3,5)N
 y\x  0 1 2 3 4 5 6 7 8
 10: -------------------
  9: |*| | |*| |*| | | |
  8: | | | | | | | | |*|
  7: | | | | | | | | | |
  6: |*| | | | | | | | |
  5: | | | |N| | |*| | |
  4: | | | | | | | | | |
  3: | | |N| | | | | | |
  2: | |*| | | | |*| | |
  1: | | | | | | | |*|*|
  0: -------------------
Animal moved from (2,3)N to (2,4)N
 y\x  0 1 2 3 4 5 6 7 8
 10: -------------------
  9: |*| | |*| |*| | | |
  8: | | | | | | | | |*|
  7: | | | | | | | | | |
  6: |*| | | | | | | | |
  5: | | | |N| | |*| | |
  4: | | |N| | | | | | |
  3: | | | | | | | | | |
  2: | |*| | | | |*| | |
  1: | | | | | | | |*|*|
  0: -------------------
Animal moved from (3,5)N to (3,6)N
 y\x  0 1 2 3 4 5 6 7 8
 10: -------------------
  9: |*| | |*| |*| | | |
  8: | | | | | | | | |*|
  7: | | | | | | | | | |
  6: |*| | |N| | | | | |
  5: | | | | | | |*| | |
  4: | | |N| | | | | | |
  3: | | | | | | | | | |
  2: | |*| | | | |*| | |
  1: | | | | | | | |*|*|
  0: -------------------
Animal moved from (2,4)N to (2,5)N
 y\x  0 1 2 3 4 5 6 7 8
 10: -------------------
  9: |*| | |*| |*| | | |
  8: | | | | | | | | |*|
  7: | | | | | | | | | |
  6: |*| | |N| | | | | |
  5: | | |N| | | |*| | |
  4: | | | | | | | | | |
  3: | | | | | | | | | |
  2: | |*| | | | |*| | |
  1: | | | | | | | |*|*|
  0: -------------------
Animal moved from (3,6)N to (3,7)N
 y\x  0 1 2 3 4 5 6 7 8
 10: -------------------
  9: |*| | |*| |*| | | |
  8: | | | | | | | | |*|
  7: | | | |N| | | | | |
  6: |*| | | | | | | | |
  5: | | |N| | | |*| | |
  4: | | | | | | | | | |
  3: | | | | | | | | | |
  2: | |*| | | | |*| | |
  1: | | | | | | | |*|*|
  0: -------------------
Animal moved from (2,5)N to (2,6)N
 y\x  0 1 2 3 4 5 6 7 8
 10: -------------------
  9: |*| | |*| |*| | | |
  8: | | | | | | | | |*|
  7: | | | |N| | | | | |
  6: |*| |N| | | | | | |
  5: | | | | | | |*| | |
  4: | | | | | | | | | |
  3: | | | | | | | | | |
  2: | |*| | | | |*| | |
  1: | | | | | | | |*|*|
  0: -------------------
Animal moved from (3,7)N to (3,7)W
 y\x  0 1 2 3 4 5 6 7 8
 10: -------------------
  9: |*| | |*| |*| | | |
  8: | | | | | | | | |*|
  7: | | | |W| | | | | |
  6: |*| |N| | | | | | |
  5: | | | | | | |*| | |
  4: | | | | | | | | | |
  3: | | | | | | | | | |
  2: | |*| | | | |*| | |
  1: | | | | | | | |*|*|
  0: -------------------
Animal moved from (2,6)N to (2,6)E
 y\x  0 1 2 3 4 5 6 7 8
 10: -------------------
  9: |*| | |*| |*| | | |
  8: | | | | | | | | |*|
  7: | | | |W| | | | | |
  6: |*| |E| | | | | | |
  5: | | | | | | |*| | |
  4: | | | | | | | | | |
  3: | | | | | | | | | |
  2: | |*| | | | |*| | |
  1: | | | | | | | |*|*|
  0: -------------------
Animal moved from (3,7)W to (4,7)W
 y\x  0 1 2 3 4 5 6 7 8
 10: -------------------
  9: |*| | |*| |*| | | |
  8: | | | | | | | | |*|
  7: | | | | |W| | | | |
  6: |*| |E| | | | | | |
  5: | | | | | | |*| | |
  4: | | | | | | | | | |
  3: | | | | | | | | | |
  2: | |*| | | | |*| | |
  1: | | | | | | | |*|*|
  0: -------------------
Animal moved from (2,6)E to (2,6)N
 y\x  0 1 2 3 4 5 6 7 8
 10: -------------------
  9: |*| | |*| |*| | | |
  8: | | | | | | | | |*|
  7: | | | | |W| | | | |
  6: |*| |N| | | | | | |
  5: | | | | | | |*| | |
  4: | | | | | | | | | |
  3: | | | | | | | | | |
  2: | |*| | | | |*| | |
  1: | | | | | | | |*|*|
  0: -------------------
Animal moved from (4,7)W to (3,7)W
 y\x  0 1 2 3 4 5 6 7 8
 10: -------------------
  9: |*| | |*| |*| | | |
  8: | | | | | | | | |*|
  7: | | | |W| | | | | |
  6: |*| |N| | | | | | |
  5: | | | | | | |*| | |
  4: | | | | | | | | | |
  3: | | | | | | | | | |
  2: | |*| | | | |*| | |
  1: | | | | | | | |*|*|
  0: -------------------
Animal moved from (2,6)N to (2,7)N
 y\x  0 1 2 3 4 5 6 7 8
 10: -------------------
  9: |*| | |*| |*| | | |
  8: | | | | | | | | |*|
  7: | | |N|W| | | | | |
  6: |*| | | | | | | | |
  5: | | | | | | |*| | |
  4: | | | | | | | | | |
  3: | | | | | | | | | |
  2: | |*| | | | |*| | |
  1: | | | | | | | |*|*|
  0: -------------------
Animal moved from (3,7)W to (3,7)N
 y\x  0 1 2 3 4 5 6 7 8
 10: -------------------
  9: |*| | |*| |*| | | |
  8: | | | | | | | | |*|
  7: | | |N|N| | | | | |
  6: |*| | | | | | | | |
  5: | | | | | | |*| | |
  4: | | | | | | | | | |
  3: | | | | | | | | | |
  2: | |*| | | | |*| | |
  1: | | | | | | | |*|*|
  0: -------------------
Animal moved from (2,7)N to (2,6)N
 y\x  0 1 2 3 4 5 6 7 8
 10: -------------------
  9: |*| | |*| |*| | | |
  8: | | | | | | | | |*|
  7: | | | |N| | | | | |
  6: |*| |N| | | | | | |
  5: | | | | | | |*| | |
  4: | | | | | | | | | |
  3: | | | | | | | | | |
  2: | |*| | | | |*| | |
  1: | | | | | | | |*|*|
  0: -------------------
Animal moved from (3,7)N to (3,7)W
 y\x  0 1 2 3 4 5 6 7 8
 10: -------------------
  9: |*| | |*| |*| | | |
  8: | | | | | | | | |*|
  7: | | | |W| | | | | |
  6: |*| |N| | | | | | |
  5: | | | | | | |*| | |
  4: | | | | | | | | | |
  3: | | | | | | | | | |
  2: | |*| | | | |*| | |
  1: | | | | | | | |*|*|
  0: -------------------
